
*** Running vivado
    with args -log design_led_appl_ilmb_v10_0.vds -m64 -product Vivado -mode batch -messageDb vivado.pb -notrace -source design_led_appl_ilmb_v10_0.tcl


****** Vivado v2019.1 (64-bit)
  **** SW Build 2552052 on Fri May 24 14:49:42 MDT 2019
  **** IP Build 2548770 on Fri May 24 18:01:18 MDT 2019
    ** Copyright 1986-2019 Xilinx, Inc. All Rights Reserved.

source design_led_appl_ilmb_v10_0.tcl -notrace
INFO: [IP_Flow 19-4838] Using cached IP synthesis design for IP design_led_appl_ilmb_v10_0, cache-ID = f7d04a807eea3133.
INFO: [Common 17-206] Exiting Vivado at Fri Sep 25 09:21:47 2020...

*** Running vivado
    with args -log design_led_appl_ilmb_v10_0.vds -m64 -product Vivado -mode batch -messageDb vivado.pb -notrace -source design_led_appl_ilmb_v10_0.tcl


****** Vivado v2019.1 (64-bit)
  **** SW Build 2552052 on Fri May 24 14:49:42 MDT 2019
  **** IP Build 2548770 on Fri May 24 18:01:18 MDT 2019
    ** Copyright 1986-2019 Xilinx, Inc. All Rights Reserved.

source design_led_appl_ilmb_v10_0.tcl -notrace
INFO: [IP_Flow 19-234] Refreshing IP repositories
INFO: [IP_Flow 19-1700] Loaded user IP repository 'c:/Users/Keller/Desktop/Projekt/vivado'.
INFO: [IP_Flow 19-2313] Loaded Vivado IP repository 'C:/Xilinx/Vivado/2019.1/data/ip'.
update_ip_catalog: Time (s): cpu = 00:00:04 ; elapsed = 00:00:07 . Memory (MB): peak = 296.324 ; gain = 0.000
INFO: [IP_Flow 19-4838] Using cached IP synthesis design for IP design_led_appl_ilmb_v10_0, cache-ID = f7d04a807eea3133.
INFO: [Common 17-206] Exiting Vivado at Fri Oct  9 11:02:11 2020...
