#-----------------------------------------------------------
# Vivado v2019.1 (64-bit)
# SW Build 2552052 on Fri May 24 14:49:42 MDT 2019
# IP Build 2548770 on Fri May 24 18:01:18 MDT 2019
# Start of session at: Thu Sep 17 12:50:08 2020
# Process ID: 10544
# Current directory: C:/Users/Jonas/Desktop/Hochschule/7_Semester/Projekt/led_appl
# Command line: vivado.exe -gui_launcher_event rodinguilauncherevent15376 C:\Users\Jonas\Desktop\Hochschule\7_Semester\Projekt\led_appl\led_appl.xpr
# Log file: C:/Users/Jonas/Desktop/Hochschule/7_Semester/Projekt/led_appl/vivado.log
# Journal file: C:/Users/Jonas/Desktop/Hochschule/7_Semester/Projekt/led_appl\vivado.jou
#-----------------------------------------------------------
start_gui
open_project C:/Users/Jonas/Desktop/Hochschule/7_Semester/Projekt/led_appl/led_appl.xpr
Scanning sources...
Finished scanning sources
INFO: [IP_Flow 19-234] Refreshing IP repositories
INFO: [IP_Flow 19-1704] No user IP repositories specified
INFO: [IP_Flow 19-2313] Loaded Vivado IP repository 'C:/Xilinx/Vivado/2019.1/data/ip'.
update_compile_order -fileset sources_1
exit
INFO: [Common 17-206] Exiting Vivado at Thu Sep 17 12:50:32 2020...
