#-----------------------------------------------------------
# Vivado v2019.1 (64-bit)
# SW Build 2552052 on Fri May 24 14:49:42 MDT 2019
# IP Build 2548770 on Fri May 24 18:01:18 MDT 2019
# Start of session at: Thu Oct 29 09:03:58 2020
# Process ID: 15228
# Current directory: C:/Users/Keller/Desktop/Harald/201022_Projekt_400_leds/led_appl
# Command line: vivado.exe -gui_launcher_event rodinguilauncherevent6424 C:\Users\Keller\Desktop\Harald\201022_Projekt_400_leds\led_appl\led_appl.xpr
# Log file: C:/Users/Keller/Desktop/Harald/201022_Projekt_400_leds/led_appl/vivado.log
# Journal file: C:/Users/Keller/Desktop/Harald/201022_Projekt_400_leds/led_appl\vivado.jou
#-----------------------------------------------------------
start_gui
open_project C:/Users/Keller/Desktop/Harald/201022_Projekt_400_leds/led_appl/led_appl.xpr
INFO: [Project 1-313] Project file moved from 'C:/Users/Keller/Desktop/201022_Projekt_400_leds/led_appl' since last save.
Scanning sources...
Finished scanning sources
INFO: [IP_Flow 19-234] Refreshing IP repositories
INFO: [IP_Flow 19-1700] Loaded user IP repository 'c:/Users/Keller/Desktop/Harald/201022_Projekt_400_leds/vivado'.
INFO: [IP_Flow 19-2313] Loaded Vivado IP repository 'C:/Xilinx/Vivado/2019.1/data/ip'.
open_project: Time (s): cpu = 00:00:38 ; elapsed = 00:00:26 . Memory (MB): peak = 747.973 ; gain = 184.281
update_compile_order -fileset sources_1
update_module_reference design_led_appl_led_driver_0_0
INFO: [IP_Flow 19-5107] Inferred bus interface 'reset' of definition 'xilinx.com:signal:reset:1.0' (from Xilinx Repository).
INFO: [IP_Flow 19-5107] Inferred bus interface 'clk' of definition 'xilinx.com:signal:clock:1.0' (from Xilinx Repository).
INFO: [IP_Flow 19-4728] Bus Interface 'clk': Added interface parameter 'ASSOCIATED_RESET' with value 'reset'.
WARNING: [IP_Flow 19-3153] Bus Interface 'clk': ASSOCIATED_BUSIF bus parameter is missing.
INFO: [IP_Flow 19-234] Refreshing IP repositories
INFO: [IP_Flow 19-1700] Loaded user IP repository 'c:/Users/Keller/Desktop/Harald/201022_Projekt_400_leds/vivado'.
Adding component instance block -- xilinx.com:ip:microblaze:11.0 - microblaze_0
Adding component instance block -- xilinx.com:ip:lmb_v10:3.0 - dlmb_v10
Adding component instance block -- xilinx.com:ip:lmb_v10:3.0 - ilmb_v10
Adding component instance block -- xilinx.com:ip:lmb_bram_if_cntlr:4.0 - dlmb_bram_if_cntlr
Adding component instance block -- xilinx.com:ip:lmb_bram_if_cntlr:4.0 - ilmb_bram_if_cntlr
Adding component instance block -- xilinx.com:ip:blk_mem_gen:8.4 - lmb_bram
Adding component instance block -- xilinx.com:ip:axi_interconnect:2.1 - microblaze_0_axi_periph
Adding component instance block -- xilinx.com:ip:axi_crossbar:2.1 - xbar
Adding component instance block -- xilinx.com:ip:axi_intc:4.1 - microblaze_0_axi_intc
Adding component instance block -- xilinx.com:ip:xlconcat:2.1 - microblaze_0_xlconcat
Adding component instance block -- xilinx.com:ip:mdm:3.2 - mdm_1
Adding component instance block -- xilinx.com:ip:clk_wiz:6.0 - clk_wiz_1
Adding component instance block -- xilinx.com:ip:proc_sys_reset:5.0 - rst_clk_wiz_1_100M
Adding component instance block -- xilinx.com:ip:axi_uartlite:2.0 - axi_uartlite_0
Adding component instance block -- xilinx.com:ip:axi_gpio:2.0 - axi_gpio_0
Adding component instance block -- xilinx.com:ip:axi_gpio:2.0 - axi_gpio_1
Adding component instance block -- digilentinc.com:IP:PmodMTDS:1.0 - PmodMTDS_0
Adding component instance block -- xilinx.com:module_ref:led_ram:1.0 - led_ram_0
Adding component instance block -- xilinx.com:module_ref:led_driver:1.0 - led_driver_0
Successfully read diagram <design_led_appl> from BD file <C:/Users/Keller/Desktop/Harald/201022_Projekt_400_leds/led_appl/led_appl.srcs/sources_1/bd/design_led_appl/design_led_appl.bd>
Upgrading 'C:/Users/Keller/Desktop/Harald/201022_Projekt_400_leds/led_appl/led_appl.srcs/sources_1/bd/design_led_appl/design_led_appl.bd'
INFO: [IP_Flow 19-3420] Updated design_led_appl_led_driver_0_0 to use current project options
Wrote  : <C:\Users\Keller\Desktop\Harald\201022_Projekt_400_leds\led_appl\led_appl.srcs\sources_1\bd\design_led_appl\design_led_appl.bd> 
Wrote  : <C:/Users/Keller/Desktop/Harald/201022_Projekt_400_leds/led_appl/led_appl.srcs/sources_1/bd/design_led_appl/ui/bd_84d3660.ui> 
upgrade_ip: Time (s): cpu = 00:00:16 ; elapsed = 00:00:14 . Memory (MB): peak = 879.211 ; gain = 33.063
update_module_reference: Time (s): cpu = 00:00:16 ; elapsed = 00:00:14 . Memory (MB): peak = 879.211 ; gain = 33.063
reset_run synth_1
launch_runs impl_1 -to_step write_bitstream -jobs 4
INFO: [xilinx.com:ip:axi_intc:4.1-1] /microblaze_0_axi_intc: The AXI INTC core has been configured to operate with synchronous clocks.
WARNING: [BD 41-927] Following properties on pin /PmodMTDS_0/s_axi_aclk have been updated from connected ip. They may not be synchronized with cell properties. You can set property on pin directly to confirm the value and resolve the warning.
	CLK_DOMAIN=/clk_wiz_1_clk_out1 
WARNING: [BD 41-927] Following properties on pin /led_ram_0/clk have been updated from connected ip. They may not be synchronized with cell properties. You can set property on pin directly to confirm the value and resolve the warning.
	CLK_DOMAIN=/clk_wiz_1_clk_out1 
WARNING: [BD 41-927] Following properties on pin /led_ram_0/reset have been updated from connected ip. They may not be synchronized with cell properties. You can set property on pin directly to confirm the value and resolve the warning.
	POLARITY=ACTIVE_HIGH 
WARNING: [BD 41-927] Following properties on pin /led_driver_0/clk have been updated from connected ip. They may not be synchronized with cell properties. You can set property on pin directly to confirm the value and resolve the warning.
	CLK_DOMAIN=/clk_wiz_1_clk_out1 
WARNING: [BD 41-927] Following properties on pin /led_driver_0/reset have been updated from connected ip. They may not be synchronized with cell properties. You can set property on pin directly to confirm the value and resolve the warning.
	POLARITY=ACTIVE_HIGH 
Wrote  : <C:\Users\Keller\Desktop\Harald\201022_Projekt_400_leds\led_appl\led_appl.srcs\sources_1\bd\design_led_appl\design_led_appl.bd> 
VHDL Output written to : C:/Users/Keller/Desktop/Harald/201022_Projekt_400_leds/led_appl/led_appl.srcs/sources_1/bd/design_led_appl/synth/design_led_appl.vhd
VHDL Output written to : C:/Users/Keller/Desktop/Harald/201022_Projekt_400_leds/led_appl/led_appl.srcs/sources_1/bd/design_led_appl/sim/design_led_appl.vhd
VHDL Output written to : C:/Users/Keller/Desktop/Harald/201022_Projekt_400_leds/led_appl/led_appl.srcs/sources_1/bd/design_led_appl/hdl/design_led_appl_wrapper.vhd
INFO: [BD 41-1029] Generation completed for the IP Integrator block microblaze_0 .
INFO: [BD 41-1029] Generation completed for the IP Integrator block microblaze_0_local_memory/dlmb_v10 .
INFO: [BD 41-1029] Generation completed for the IP Integrator block microblaze_0_local_memory/ilmb_v10 .
INFO: [BD 41-1029] Generation completed for the IP Integrator block microblaze_0_local_memory/dlmb_bram_if_cntlr .
INFO: [BD 41-1029] Generation completed for the IP Integrator block microblaze_0_local_memory/ilmb_bram_if_cntlr .
INFO: [BD 41-1029] Generation completed for the IP Integrator block microblaze_0_local_memory/lmb_bram .
INFO: [BD 41-1029] Generation completed for the IP Integrator block microblaze_0_axi_periph/xbar .
INFO: [BD 41-1029] Generation completed for the IP Integrator block microblaze_0_axi_intc .
INFO: [BD 41-1029] Generation completed for the IP Integrator block microblaze_0_xlconcat .
INFO: [BD 41-1029] Generation completed for the IP Integrator block mdm_1 .
INFO: [BD 41-1029] Generation completed for the IP Integrator block clk_wiz_1 .
INFO: [BD 41-1029] Generation completed for the IP Integrator block rst_clk_wiz_1_100M .
INFO: [BD 41-1029] Generation completed for the IP Integrator block axi_uartlite_0 .
INFO: [BD 41-1029] Generation completed for the IP Integrator block axi_gpio_0 .
INFO: [BD 41-1029] Generation completed for the IP Integrator block axi_gpio_1 .
INFO: [BD 41-1029] Generation completed for the IP Integrator block led_driver_0 .
INFO: [BD 41-1029] Generation completed for the IP Integrator block led_ram_0 .
INFO: [BD 41-1029] Generation completed for the IP Integrator block PmodMTDS_0 .
Exporting to file C:/Users/Keller/Desktop/Harald/201022_Projekt_400_leds/led_appl/led_appl.srcs/sources_1/bd/design_led_appl/hw_handoff/design_led_appl.hwh
Generated Block Design Tcl file C:/Users/Keller/Desktop/Harald/201022_Projekt_400_leds/led_appl/led_appl.srcs/sources_1/bd/design_led_appl/hw_handoff/design_led_appl_bd.tcl
Generated Hardware Definition File C:/Users/Keller/Desktop/Harald/201022_Projekt_400_leds/led_appl/led_appl.srcs/sources_1/bd/design_led_appl/synth/design_led_appl.hwdef
[Thu Oct 29 09:15:47 2020] Launched design_led_appl_led_driver_0_0_synth_1, synth_1...
Run output will be captured here:
design_led_appl_led_driver_0_0_synth_1: C:/Users/Keller/Desktop/Harald/201022_Projekt_400_leds/led_appl/led_appl.runs/design_led_appl_led_driver_0_0_synth_1/runme.log
synth_1: C:/Users/Keller/Desktop/Harald/201022_Projekt_400_leds/led_appl/led_appl.runs/synth_1/runme.log
[Thu Oct 29 09:15:47 2020] Launched impl_1...
Run output will be captured here: C:/Users/Keller/Desktop/Harald/201022_Projekt_400_leds/led_appl/led_appl.runs/impl_1/runme.log
launch_runs: Time (s): cpu = 00:00:16 ; elapsed = 00:00:24 . Memory (MB): peak = 1052.648 ; gain = 159.473
INFO: [Vivado 12-4158] Exported Hardware file is out of date. Exported hardware information may be inconsistent with respect to the current state of the design. It is recommended that you re-export the design and launch SDK otherwise SDK is launched with out of date hardware system file.
launch_sdk -workspace C:/Users/Keller/Desktop/Harald/201022_Projekt_400_leds/led_appl/led_appl.sdk -hwspec C:/Users/Keller/Desktop/Harald/201022_Projekt_400_leds/led_appl/led_appl.sdk/design_led_appl_wrapper.hdf
INFO: [Vivado 12-393] Launching SDK...
INFO: [Vivado 12-417] Running xsdk -workspace C:/Users/Keller/Desktop/Harald/201022_Projekt_400_leds/led_appl/led_appl.sdk -hwspec C:/Users/Keller/Desktop/Harald/201022_Projekt_400_leds/led_appl/led_appl.sdk/design_led_appl_wrapper.hdf
INFO: [Vivado 12-3157] SDK launch initiated. Please check console for any further messages.
file copy -force C:/Users/Keller/Desktop/Harald/201022_Projekt_400_leds/led_appl/led_appl.runs/impl_1/design_led_appl_wrapper.sysdef C:/Users/Keller/Desktop/Harald/201022_Projekt_400_leds/led_appl/led_appl.sdk/design_led_appl_wrapper.hdf

launch_sdk -workspace C:/Users/Keller/Desktop/Harald/201022_Projekt_400_leds/led_appl/led_appl.sdk -hwspec C:/Users/Keller/Desktop/Harald/201022_Projekt_400_leds/led_appl/led_appl.sdk/design_led_appl_wrapper.hdf
INFO: [Vivado 12-393] Launching SDK...
INFO: [Vivado 12-417] Running xsdk -workspace C:/Users/Keller/Desktop/Harald/201022_Projekt_400_leds/led_appl/led_appl.sdk -hwspec C:/Users/Keller/Desktop/Harald/201022_Projekt_400_leds/led_appl/led_appl.sdk/design_led_appl_wrapper.hdf
INFO: [Vivado 12-3157] SDK launch initiated. Please check console for any further messages.
file copy -force C:/Users/Keller/Desktop/Harald/201022_Projekt_400_leds/led_appl/led_appl.runs/impl_1/design_led_appl_wrapper.sysdef C:/Users/Keller/Desktop/Harald/201022_Projekt_400_leds/led_appl/led_appl.sdk/design_led_appl_wrapper.hdf

launch_sdk -workspace C:/Users/Keller/Desktop/Harald/201022_Projekt_400_leds/led_appl/led_appl.sdk -hwspec C:/Users/Keller/Desktop/Harald/201022_Projekt_400_leds/led_appl/led_appl.sdk/design_led_appl_wrapper.hdf
INFO: [Vivado 12-393] Launching SDK...
INFO: [Vivado 12-417] Running xsdk -workspace C:/Users/Keller/Desktop/Harald/201022_Projekt_400_leds/led_appl/led_appl.sdk -hwspec C:/Users/Keller/Desktop/Harald/201022_Projekt_400_leds/led_appl/led_appl.sdk/design_led_appl_wrapper.hdf
INFO: [Vivado 12-3157] SDK launch initiated. Please check console for any further messages.
launch_sdk -workspace C:/Users/Keller/Desktop/Harald/201022_Projekt_400_leds/led_appl/led_appl.sdk -hwspec C:/Users/Keller/Desktop/Harald/201022_Projekt_400_leds/led_appl/led_appl.sdk/design_led_appl_wrapper.hdf
INFO: [Vivado 12-393] Launching SDK...
INFO: [Vivado 12-417] Running xsdk -workspace C:/Users/Keller/Desktop/Harald/201022_Projekt_400_leds/led_appl/led_appl.sdk -hwspec C:/Users/Keller/Desktop/Harald/201022_Projekt_400_leds/led_appl/led_appl.sdk/design_led_appl_wrapper.hdf
INFO: [Vivado 12-3157] SDK launch initiated. Please check console for any further messages.
launch_sdk -workspace C:/Users/Keller/Desktop/Harald/201022_Projekt_400_leds/led_appl/led_appl.sdk -hwspec C:/Users/Keller/Desktop/Harald/201022_Projekt_400_leds/led_appl/led_appl.sdk/design_led_appl_wrapper.hdf
INFO: [Vivado 12-393] Launching SDK...
INFO: [Vivado 12-417] Running xsdk -workspace C:/Users/Keller/Desktop/Harald/201022_Projekt_400_leds/led_appl/led_appl.sdk -hwspec C:/Users/Keller/Desktop/Harald/201022_Projekt_400_leds/led_appl/led_appl.sdk/design_led_appl_wrapper.hdf
INFO: [Vivado 12-3157] SDK launch initiated. Please check console for any further messages.
exit
INFO: [Common 17-206] Exiting Vivado at Thu Oct 29 14:33:41 2020...
