#-----------------------------------------------------------
# Vivado v2019.1 (64-bit)
# SW Build 2552052 on Fri May 24 14:49:42 MDT 2019
# IP Build 2548770 on Fri May 24 18:01:18 MDT 2019
# Start of session at: Sat Oct 31 19:28:56 2020
# Process ID: 1136
# Current directory: C:/dev/git/led_matrix/led_appl
# Command line: vivado.exe -gui_launcher_event rodinguilauncherevent15564 C:\dev\git\led_matrix\led_appl\led_appl.xpr
# Log file: C:/dev/git/led_matrix/led_appl/vivado.log
# Journal file: C:/dev/git/led_matrix/led_appl\vivado.jou
#-----------------------------------------------------------
start_gui
open_project C:/dev/git/led_matrix/led_appl/led_appl.xpr
INFO: [Project 1-313] Project file moved from 'C:/Users/Keller/Desktop/Harald/201022_Projekt_400_leds/led_appl' since last save.
Scanning sources...
Finished scanning sources
INFO: [IP_Flow 19-234] Refreshing IP repositories
INFO: [IP_Flow 19-1700] Loaded user IP repository 'c:/dev/git/led_matrix/vivado'.
INFO: [IP_Flow 19-2313] Loaded Vivado IP repository 'C:/Xilinx/Vivado/2019.1/data/ip'.
open_project: Time (s): cpu = 00:00:14 ; elapsed = 00:00:11 . Memory (MB): peak = 828.148 ; gain = 157.141
update_compile_order -fileset sources_1
launch_sdk -workspace C:/dev/git/led_matrix/led_appl/led_appl.sdk -hwspec C:/dev/git/led_matrix/led_appl/led_appl.sdk/design_led_appl_wrapper.hdf
INFO: [Vivado 12-393] Launching SDK...
INFO: [Vivado 12-417] Running xsdk -workspace C:/dev/git/led_matrix/led_appl/led_appl.sdk -hwspec C:/dev/git/led_matrix/led_appl/led_appl.sdk/design_led_appl_wrapper.hdf
INFO: [Vivado 12-3157] SDK launch initiated. Please check console for any further messages.
launch_sdk -workspace C:/dev/git/led_matrix/led_appl/led_appl.sdk -hwspec C:/dev/git/led_matrix/led_appl/led_appl.sdk/design_led_appl_wrapper.hdf
INFO: [Vivado 12-393] Launching SDK...
INFO: [Vivado 12-417] Running xsdk -workspace C:/dev/git/led_matrix/led_appl/led_appl.sdk -hwspec C:/dev/git/led_matrix/led_appl/led_appl.sdk/design_led_appl_wrapper.hdf
INFO: [Vivado 12-3157] SDK launch initiated. Please check console for any further messages.
launch_sdk -workspace C:/dev/git/led_matrix/led_appl/led_appl.sdk -hwspec C:/dev/git/led_matrix/led_appl/led_appl.sdk/design_led_appl_wrapper.hdf
INFO: [Vivado 12-393] Launching SDK...
INFO: [Vivado 12-417] Running xsdk -workspace C:/dev/git/led_matrix/led_appl/led_appl.sdk -hwspec C:/dev/git/led_matrix/led_appl/led_appl.sdk/design_led_appl_wrapper.hdf
INFO: [Vivado 12-3157] SDK launch initiated. Please check console for any further messages.
exit
INFO: [Common 17-206] Exiting Vivado at Sat Oct 31 19:42:52 2020...
