#-----------------------------------------------------------
# Vivado v2019.1 (64-bit)
# SW Build 2552052 on Fri May 24 14:49:42 MDT 2019
# IP Build 2548770 on Fri May 24 18:01:18 MDT 2019
# Start of session at: Fri Oct  9 10:31:11 2020
# Process ID: 13092
# Current directory: C:/Users/Keller/Desktop/Projekt/led_appl
# Command line: vivado.exe -gui_launcher_event rodinguilauncherevent27888 C:\Users\Keller\Desktop\Projekt\led_appl\led_appl.xpr
# Log file: C:/Users/Keller/Desktop/Projekt/led_appl/vivado.log
# Journal file: C:/Users/Keller/Desktop/Projekt/led_appl\vivado.jou
#-----------------------------------------------------------
start_gui
open_project C:/Users/Keller/Desktop/Projekt/led_appl/led_appl.xpr
INFO: [Project 1-313] Project file moved from 'C:/Users/Jonas/Desktop/Hochschule/7_Semester/Projekt/led_appl' since last save.
Scanning sources...
Finished scanning sources
WARNING: [filemgmt 56-2] IPUserFilesDir: Could not find the directory 'C:/Users/Keller/Desktop/Projekt/led_appl/led_appl.ip_user_files', nor could it be found using path 'C:/Users/Jonas/Desktop/Hochschule/7_Semester/Projekt/led_appl/led_appl.ip_user_files'.
INFO: [IP_Flow 19-234] Refreshing IP repositories
INFO: [IP_Flow 19-1700] Loaded user IP repository 'c:/Users/Keller/Desktop/Projekt/vivado'.
INFO: [IP_Flow 19-2313] Loaded Vivado IP repository 'C:/Xilinx/Vivado/2019.1/data/ip'.
WARNING: [BD 41-1661] One or more IPs have been locked in the design 'design_led_appl.bd'. Please run report_ip_status for more details and recommendations on how to fix this issue.
List of locked IPs:
design_led_appl_PmodMTDS_0_0

open_project: Time (s): cpu = 00:00:43 ; elapsed = 00:00:33 . Memory (MB): peak = 761.883 ; gain = 161.563
update_compile_order -fileset sources_1
reset_run synth_1
WARNING: [Vivado 12-1017] Problems encountered:
1. Process appears to be on host 'DESKTOP-CAVAECJ' and cannot be killed from host 'DESKTOP-M2MR233'
2. Process appears to be on host 'DESKTOP-CAVAECJ' and cannot be killed from host 'DESKTOP-M2MR233'

launch_runs synth_1 -jobs 4
[Fri Oct  9 10:37:24 2020] Launched design_led_appl_dlmb_v10_0_synth_1, design_led_appl_mdm_1_0_synth_1, design_led_appl_dlmb_bram_if_cntlr_0_synth_1, design_led_appl_lmb_bram_0_synth_1, design_led_appl_ilmb_v10_0_synth_1, design_led_appl_axi_gpio_1_0_synth_1, design_led_appl_microblaze_0_0_synth_1, design_led_appl_led_driver_0_0_synth_1, design_led_appl_axi_gpio_0_0_synth_1, design_led_appl_ilmb_bram_if_cntlr_0_synth_1, design_led_appl_led_ram_0_0_synth_1, design_led_appl_rst_clk_wiz_1_100M_0_synth_1, design_led_appl_axi_uartlite_0_0_synth_1, design_led_appl_xbar_0_synth_1, design_led_appl_microblaze_0_axi_intc_0_synth_1, design_led_appl_clk_wiz_1_0_synth_1...
Run output will be captured here:
design_led_appl_dlmb_v10_0_synth_1: C:/Users/Keller/Desktop/Projekt/led_appl/led_appl.runs/design_led_appl_dlmb_v10_0_synth_1/runme.log
design_led_appl_mdm_1_0_synth_1: C:/Users/Keller/Desktop/Projekt/led_appl/led_appl.runs/design_led_appl_mdm_1_0_synth_1/runme.log
design_led_appl_dlmb_bram_if_cntlr_0_synth_1: C:/Users/Keller/Desktop/Projekt/led_appl/led_appl.runs/design_led_appl_dlmb_bram_if_cntlr_0_synth_1/runme.log
design_led_appl_lmb_bram_0_synth_1: C:/Users/Keller/Desktop/Projekt/led_appl/led_appl.runs/design_led_appl_lmb_bram_0_synth_1/runme.log
design_led_appl_ilmb_v10_0_synth_1: C:/Users/Keller/Desktop/Projekt/led_appl/led_appl.runs/design_led_appl_ilmb_v10_0_synth_1/runme.log
design_led_appl_axi_gpio_1_0_synth_1: C:/Users/Keller/Desktop/Projekt/led_appl/led_appl.runs/design_led_appl_axi_gpio_1_0_synth_1/runme.log
design_led_appl_microblaze_0_0_synth_1: C:/Users/Keller/Desktop/Projekt/led_appl/led_appl.runs/design_led_appl_microblaze_0_0_synth_1/runme.log
design_led_appl_led_driver_0_0_synth_1: C:/Users/Keller/Desktop/Projekt/led_appl/led_appl.runs/design_led_appl_led_driver_0_0_synth_1/runme.log
design_led_appl_axi_gpio_0_0_synth_1: C:/Users/Keller/Desktop/Projekt/led_appl/led_appl.runs/design_led_appl_axi_gpio_0_0_synth_1/runme.log
design_led_appl_ilmb_bram_if_cntlr_0_synth_1: C:/Users/Keller/Desktop/Projekt/led_appl/led_appl.runs/design_led_appl_ilmb_bram_if_cntlr_0_synth_1/runme.log
design_led_appl_led_ram_0_0_synth_1: C:/Users/Keller/Desktop/Projekt/led_appl/led_appl.runs/design_led_appl_led_ram_0_0_synth_1/runme.log
design_led_appl_rst_clk_wiz_1_100M_0_synth_1: C:/Users/Keller/Desktop/Projekt/led_appl/led_appl.runs/design_led_appl_rst_clk_wiz_1_100M_0_synth_1/runme.log
design_led_appl_axi_uartlite_0_0_synth_1: C:/Users/Keller/Desktop/Projekt/led_appl/led_appl.runs/design_led_appl_axi_uartlite_0_0_synth_1/runme.log
design_led_appl_xbar_0_synth_1: C:/Users/Keller/Desktop/Projekt/led_appl/led_appl.runs/design_led_appl_xbar_0_synth_1/runme.log
design_led_appl_microblaze_0_axi_intc_0_synth_1: C:/Users/Keller/Desktop/Projekt/led_appl/led_appl.runs/design_led_appl_microblaze_0_axi_intc_0_synth_1/runme.log
design_led_appl_clk_wiz_1_0_synth_1: C:/Users/Keller/Desktop/Projekt/led_appl/led_appl.runs/design_led_appl_clk_wiz_1_0_synth_1/runme.log
[Fri Oct  9 10:37:32 2020] Launched synth_1...
Run output will be captured here: C:/Users/Keller/Desktop/Projekt/led_appl/led_appl.runs/synth_1/runme.log
launch_runs: Time (s): cpu = 00:00:19 ; elapsed = 00:00:11 . Memory (MB): peak = 811.770 ; gain = 11.938
open_bd_design {C:/Users/Keller/Desktop/Projekt/led_appl/led_appl.srcs/sources_1/bd/design_led_appl/design_led_appl.bd}
Adding component instance block -- xilinx.com:ip:microblaze:11.0 - microblaze_0
Adding component instance block -- xilinx.com:ip:lmb_v10:3.0 - dlmb_v10
Adding component instance block -- xilinx.com:ip:lmb_v10:3.0 - ilmb_v10
Adding component instance block -- xilinx.com:ip:lmb_bram_if_cntlr:4.0 - dlmb_bram_if_cntlr
Adding component instance block -- xilinx.com:ip:lmb_bram_if_cntlr:4.0 - ilmb_bram_if_cntlr
Adding component instance block -- xilinx.com:ip:blk_mem_gen:8.4 - lmb_bram
Adding component instance block -- xilinx.com:ip:axi_interconnect:2.1 - microblaze_0_axi_periph
Adding component instance block -- xilinx.com:ip:axi_crossbar:2.1 - xbar
Adding component instance block -- xilinx.com:ip:axi_intc:4.1 - microblaze_0_axi_intc
Adding component instance block -- xilinx.com:ip:xlconcat:2.1 - microblaze_0_xlconcat
Adding component instance block -- xilinx.com:ip:mdm:3.2 - mdm_1
Adding component instance block -- xilinx.com:ip:clk_wiz:6.0 - clk_wiz_1
Adding component instance block -- xilinx.com:ip:proc_sys_reset:5.0 - rst_clk_wiz_1_100M
Adding component instance block -- xilinx.com:ip:axi_uartlite:2.0 - axi_uartlite_0
Adding component instance block -- xilinx.com:ip:axi_gpio:2.0 - axi_gpio_0
Adding component instance block -- xilinx.com:ip:axi_gpio:2.0 - axi_gpio_1
Adding component instance block -- xilinx.com:module_ref:led_driver:1.0 - led_driver_0
Adding component instance block -- xilinx.com:module_ref:led_ram:1.0 - led_ram_0
Adding component instance block -- digilentinc.com:IP:PmodMTDS:1.0 - PmodMTDS_0
Successfully read diagram <design_led_appl> from BD file <C:/Users/Keller/Desktop/Projekt/led_appl/led_appl.srcs/sources_1/bd/design_led_appl/design_led_appl.bd>
open_bd_design: Time (s): cpu = 00:00:11 ; elapsed = 00:00:12 . Memory (MB): peak = 823.500 ; gain = 5.801
reset_run synth_1
reset_run design_led_appl_dlmb_v10_0_synth_1
WARNING: [Vivado 12-1017] Problems encountered:
1. Process appears to be on host 'DESKTOP-CAVAECJ' and cannot be killed from host 'DESKTOP-M2MR233'

reset_run design_led_appl_mdm_1_0_synth_1
WARNING: [Vivado 12-1017] Problems encountered:
1. Process appears to be on host 'DESKTOP-CAVAECJ' and cannot be killed from host 'DESKTOP-M2MR233'

reset_run design_led_appl_dlmb_bram_if_cntlr_0_synth_1
WARNING: [Vivado 12-1017] Problems encountered:
1. Process appears to be on host 'DESKTOP-CAVAECJ' and cannot be killed from host 'DESKTOP-M2MR233'

reset_run design_led_appl_lmb_bram_0_synth_1
WARNING: [Vivado 12-1017] Problems encountered:
1. Process appears to be on host 'DESKTOP-CAVAECJ' and cannot be killed from host 'DESKTOP-M2MR233'

reset_run design_led_appl_ilmb_v10_0_synth_1
WARNING: [Vivado 12-1017] Problems encountered:
1. Process appears to be on host 'DESKTOP-CAVAECJ' and cannot be killed from host 'DESKTOP-M2MR233'

reset_run design_led_appl_axi_gpio_1_0_synth_1
WARNING: [Vivado 12-1017] Problems encountered:
1. Process appears to be on host 'DESKTOP-CAVAECJ' and cannot be killed from host 'DESKTOP-M2MR233'

reset_run design_led_appl_microblaze_0_0_synth_1
WARNING: [Vivado 12-1017] Problems encountered:
1. Process appears to be on host 'DESKTOP-CAVAECJ' and cannot be killed from host 'DESKTOP-M2MR233'

reset_run design_led_appl_led_driver_0_0_synth_1
WARNING: [Vivado 12-1017] Problems encountered:
1. Process appears to be on host 'DESKTOP-CAVAECJ' and cannot be killed from host 'DESKTOP-M2MR233'

reset_run design_led_appl_axi_gpio_0_0_synth_1
WARNING: [Vivado 12-1017] Problems encountered:
1. Process appears to be on host 'DESKTOP-CAVAECJ' and cannot be killed from host 'DESKTOP-M2MR233'

reset_run design_led_appl_ilmb_bram_if_cntlr_0_synth_1
WARNING: [Vivado 12-1017] Problems encountered:
1. Process appears to be on host 'DESKTOP-CAVAECJ' and cannot be killed from host 'DESKTOP-M2MR233'

reset_run design_led_appl_led_ram_0_0_synth_1
WARNING: [Vivado 12-1017] Problems encountered:
1. Process appears to be on host 'DESKTOP-CAVAECJ' and cannot be killed from host 'DESKTOP-M2MR233'

reset_run design_led_appl_rst_clk_wiz_1_100M_0_synth_1
WARNING: [Vivado 12-1017] Problems encountered:
1. Process appears to be on host 'DESKTOP-CAVAECJ' and cannot be killed from host 'DESKTOP-M2MR233'

reset_run design_led_appl_axi_uartlite_0_0_synth_1
WARNING: [Vivado 12-1017] Problems encountered:
1. Process appears to be on host 'DESKTOP-CAVAECJ' and cannot be killed from host 'DESKTOP-M2MR233'

reset_run design_led_appl_xbar_0_synth_1
WARNING: [Vivado 12-1017] Problems encountered:
1. Process appears to be on host 'DESKTOP-CAVAECJ' and cannot be killed from host 'DESKTOP-M2MR233'

reset_run design_led_appl_microblaze_0_axi_intc_0_synth_1
WARNING: [Vivado 12-1017] Problems encountered:
1. Process appears to be on host 'DESKTOP-CAVAECJ' and cannot be killed from host 'DESKTOP-M2MR233'

reset_run design_led_appl_clk_wiz_1_0_synth_1
WARNING: [Vivado 12-1017] Problems encountered:
1. Process appears to be on host 'DESKTOP-CAVAECJ' and cannot be killed from host 'DESKTOP-M2MR233'

exit
INFO: [Common 17-206] Exiting Vivado at Fri Oct  9 10:56:51 2020...
